-------------------------------------------------------------------------------
Test set: com.example.page.PageApplicationTests
-------------------------------------------------------------------------------
Tests run: 1, Failures: 0, Errors: 1, Skipped: 0, Time elapsed: 3.192 s <<< FAILURE! - in com.example.page.PageApplicationTests
contextLoads  Time elapsed: 0.001 s  <<< ERROR!
java.lang.IllegalStateException: Failed to load ApplicationContext
Caused by: org.springframework.beans.factory.BeanCreationException: Error creating bean with name 'applicationEntityManagerFactory' defined in class path resource [com/example/page/config/ApplicationDbConfig.class]: Invocation of init method failed; nested exception is org.hibernate.AnnotationException: Use of @OneToMany or @ManyToMany targeting an unmapped class: com.example.page.domain.Movie.reviewMovie[com.example.page.dao.AssnMovieReview]
Caused by: org.hibernate.AnnotationException: Use of @OneToMany or @ManyToMany targeting an unmapped class: com.example.page.domain.Movie.reviewMovie[com.example.page.dao.AssnMovieReview]

